0 info it worked if it ends with ok
1 verbose cli [ '/usr/bin/node', '/usr/bin/npm', 'i' ]
2 info using npm@3.5.2
3 info using node@v8.10.0
4 silly loadCurrentTree Starting
5 silly install loadCurrentTree
6 silly install readLocalPackageData
7 silly install normalizeTree
8 silly loadCurrentTree Finishing
9 silly loadIdealTree Starting
10 silly install loadIdealTree
11 silly cloneCurrentTree Starting
12 silly install cloneCurrentTreeToIdealTree
13 silly cloneCurrentTree Finishing
14 silly loadShrinkwrap Starting
15 silly install loadShrinkwrap
16 silly loadShrinkwrap Finishing
17 silly loadAllDepsIntoIdealTree Starting
18 silly install loadAllDepsIntoIdealTree
19 silly fetchNamedPackageData ajv
20 silly mapToRegistry name ajv
21 silly mapToRegistry using default registry
22 silly mapToRegistry registry https://registry.npmjs.org/
23 silly mapToRegistry uri https://registry.npmjs.org/ajv
24 silly fetchNamedPackageData angular-confirmation-popover
25 silly mapToRegistry name angular-confirmation-popover
26 silly mapToRegistry using default registry
27 silly mapToRegistry registry https://registry.npmjs.org/
28 silly mapToRegistry uri https://registry.npmjs.org/angular-confirmation-popover
29 silly fetchNamedPackageData chart.js
30 silly mapToRegistry name chart.js
31 silly mapToRegistry using default registry
32 silly mapToRegistry registry https://registry.npmjs.org/
33 silly mapToRegistry uri https://registry.npmjs.org/chart.js
34 silly fetchNamedPackageData core-js
35 silly mapToRegistry name core-js
36 silly mapToRegistry using default registry
37 silly mapToRegistry registry https://registry.npmjs.org/
38 silly mapToRegistry uri https://registry.npmjs.org/core-js
39 silly fetchNamedPackageData cors
40 silly mapToRegistry name cors
41 silly mapToRegistry using default registry
42 silly mapToRegistry registry https://registry.npmjs.org/
43 silly mapToRegistry uri https://registry.npmjs.org/cors
44 silly fetchNamedPackageData ng6-toastr-notifications
45 silly mapToRegistry name ng6-toastr-notifications
46 silly mapToRegistry using default registry
47 silly mapToRegistry registry https://registry.npmjs.org/
48 silly mapToRegistry uri https://registry.npmjs.org/ng6-toastr-notifications
49 silly fetchNamedPackageData npm
50 silly mapToRegistry name npm
51 silly mapToRegistry using default registry
52 silly mapToRegistry registry https://registry.npmjs.org/
53 silly mapToRegistry uri https://registry.npmjs.org/npm
54 verbose request uri https://registry.npmjs.org/angular-confirmation-popover
55 verbose request no auth needed
56 info attempt registry request try #1 at 10:08:08 AM
57 verbose request id 6b0091bd7017804f
58 http request GET https://registry.npmjs.org/angular-confirmation-popover
59 verbose request uri https://registry.npmjs.org/chart.js
60 verbose request no auth needed
61 info attempt registry request try #1 at 10:08:08 AM
62 http request GET https://registry.npmjs.org/chart.js
63 verbose request uri https://registry.npmjs.org/cors
64 verbose request no auth needed
65 info attempt registry request try #1 at 10:08:08 AM
66 http request GET https://registry.npmjs.org/cors
67 verbose request uri https://registry.npmjs.org/ng6-toastr-notifications
68 verbose request no auth needed
69 info attempt registry request try #1 at 10:08:08 AM
70 http request GET https://registry.npmjs.org/ng6-toastr-notifications
71 verbose request uri https://registry.npmjs.org/npm
72 verbose request no auth needed
73 info attempt registry request try #1 at 10:08:08 AM
74 http request GET https://registry.npmjs.org/npm
75 info retry will retry, error on last attempt: Error: getaddrinfo ENOTFOUND registry.npmjs.org registry.npmjs.org:443
76 info retry will retry, error on last attempt: Error: getaddrinfo ENOTFOUND registry.npmjs.org registry.npmjs.org:443
77 info retry will retry, error on last attempt: Error: getaddrinfo ENOTFOUND registry.npmjs.org registry.npmjs.org:443
78 info retry will retry, error on last attempt: Error: getaddrinfo ENOTFOUND registry.npmjs.org registry.npmjs.org:443
79 info retry will retry, error on last attempt: Error: getaddrinfo ENOTFOUND registry.npmjs.org registry.npmjs.org:443
80 verbose request uri https://registry.npmjs.org/core-js
81 verbose request no auth needed
82 info attempt registry request try #1 at 10:08:08 AM
83 verbose etag W/"bffbe1b4fab9bdfdb0afe633e667d3b5"
84 verbose lastModified Thu, 07 Jun 2018 07:26:36 GMT
85 http request GET https://registry.npmjs.org/core-js
86 info retry will retry, error on last attempt: Error: getaddrinfo ENOTFOUND registry.npmjs.org registry.npmjs.org:443
87 verbose request uri https://registry.npmjs.org/ajv
88 verbose request no auth needed
89 info attempt registry request try #1 at 10:08:08 AM
90 verbose etag W/"5fba2d0c5837b5044d1353d959ec21f8"
91 verbose lastModified Fri, 17 Aug 2018 16:28:59 GMT
92 http request GET https://registry.npmjs.org/ajv
93 info retry will retry, error on last attempt: Error: getaddrinfo ENOTFOUND registry.npmjs.org registry.npmjs.org:443
94 info attempt registry request try #2 at 10:08:18 AM
95 http request GET https://registry.npmjs.org/chart.js
96 info attempt registry request try #2 at 10:08:18 AM
97 http request GET https://registry.npmjs.org/angular-confirmation-popover
98 info attempt registry request try #2 at 10:08:18 AM
99 http request GET https://registry.npmjs.org/cors
100 info attempt registry request try #2 at 10:08:18 AM
101 http request GET https://registry.npmjs.org/ng6-toastr-notifications
102 info attempt registry request try #2 at 10:08:18 AM
103 http request GET https://registry.npmjs.org/npm
104 info retry will retry, error on last attempt: Error: getaddrinfo ENOTFOUND registry.npmjs.org registry.npmjs.org:443
105 info retry will retry, error on last attempt: Error: getaddrinfo ENOTFOUND registry.npmjs.org registry.npmjs.org:443
106 info retry will retry, error on last attempt: Error: getaddrinfo ENOTFOUND registry.npmjs.org registry.npmjs.org:443
107 info retry will retry, error on last attempt: Error: getaddrinfo ENOTFOUND registry.npmjs.org registry.npmjs.org:443
108 info retry will retry, error on last attempt: Error: getaddrinfo ENOTFOUND registry.npmjs.org registry.npmjs.org:443
109 info attempt registry request try #2 at 10:08:18 AM
110 verbose etag W/"bffbe1b4fab9bdfdb0afe633e667d3b5"
111 verbose lastModified Thu, 07 Jun 2018 07:26:36 GMT
112 http request GET https://registry.npmjs.org/core-js
113 info retry will retry, error on last attempt: Error: getaddrinfo ENOTFOUND registry.npmjs.org registry.npmjs.org:443
114 info attempt registry request try #2 at 10:08:18 AM
115 verbose etag W/"5fba2d0c5837b5044d1353d959ec21f8"
116 verbose lastModified Fri, 17 Aug 2018 16:28:59 GMT
117 http request GET https://registry.npmjs.org/ajv
118 info retry will retry, error on last attempt: Error: getaddrinfo ENOTFOUND registry.npmjs.org registry.npmjs.org:443
119 info attempt registry request try #3 at 10:09:18 AM
120 http request GET https://registry.npmjs.org/chart.js
121 info attempt registry request try #3 at 10:09:18 AM
122 http request GET https://registry.npmjs.org/angular-confirmation-popover
123 info attempt registry request try #3 at 10:09:18 AM
124 http request GET https://registry.npmjs.org/cors
125 info attempt registry request try #3 at 10:09:18 AM
126 http request GET https://registry.npmjs.org/ng6-toastr-notifications
127 info attempt registry request try #3 at 10:09:18 AM
128 http request GET https://registry.npmjs.org/npm
129 silly fetchPackageMetaData Error: getaddrinfo ENOTFOUND registry.npmjs.org registry.npmjs.org:443
129 silly fetchPackageMetaData     at errnoException (dns.js:50:10)
129 silly fetchPackageMetaData     at GetAddrInfoReqWrap.onlookup [as oncomplete] (dns.js:92:26)
129 silly fetchPackageMetaData  error for cors@^2.8.5 { Error: getaddrinfo ENOTFOUND registry.npmjs.org registry.npmjs.org:443
129 silly fetchPackageMetaData     at errnoException (dns.js:50:10)
129 silly fetchPackageMetaData     at GetAddrInfoReqWrap.onlookup [as oncomplete] (dns.js:92:26)
129 silly fetchPackageMetaData   code: 'ENOTFOUND',
129 silly fetchPackageMetaData   errno: 'ENOTFOUND',
129 silly fetchPackageMetaData   syscall: 'getaddrinfo',
129 silly fetchPackageMetaData   hostname: 'registry.npmjs.org',
129 silly fetchPackageMetaData   host: 'registry.npmjs.org',
129 silly fetchPackageMetaData   port: 443 }
130 silly fetchPackageMetaData Error: getaddrinfo ENOTFOUND registry.npmjs.org registry.npmjs.org:443
130 silly fetchPackageMetaData     at errnoException (dns.js:50:10)
130 silly fetchPackageMetaData     at GetAddrInfoReqWrap.onlookup [as oncomplete] (dns.js:92:26)
130 silly fetchPackageMetaData  error for chart.js@^2.7.3 { Error: getaddrinfo ENOTFOUND registry.npmjs.org registry.npmjs.org:443
130 silly fetchPackageMetaData     at errnoException (dns.js:50:10)
130 silly fetchPackageMetaData     at GetAddrInfoReqWrap.onlookup [as oncomplete] (dns.js:92:26)
130 silly fetchPackageMetaData   code: 'ENOTFOUND',
130 silly fetchPackageMetaData   errno: 'ENOTFOUND',
130 silly fetchPackageMetaData   syscall: 'getaddrinfo',
130 silly fetchPackageMetaData   hostname: 'registry.npmjs.org',
130 silly fetchPackageMetaData   host: 'registry.npmjs.org',
130 silly fetchPackageMetaData   port: 443 }
131 silly fetchPackageMetaData Error: getaddrinfo ENOTFOUND registry.npmjs.org registry.npmjs.org:443
131 silly fetchPackageMetaData     at errnoException (dns.js:50:10)
131 silly fetchPackageMetaData     at GetAddrInfoReqWrap.onlookup [as oncomplete] (dns.js:92:26)
131 silly fetchPackageMetaData  error for angular-confirmation-popover@^4.2.0 { Error: getaddrinfo ENOTFOUND registry.npmjs.org registry.npmjs.org:443
131 silly fetchPackageMetaData     at errnoException (dns.js:50:10)
131 silly fetchPackageMetaData     at GetAddrInfoReqWrap.onlookup [as oncomplete] (dns.js:92:26)
131 silly fetchPackageMetaData   code: 'ENOTFOUND',
131 silly fetchPackageMetaData   errno: 'ENOTFOUND',
131 silly fetchPackageMetaData   syscall: 'getaddrinfo',
131 silly fetchPackageMetaData   hostname: 'registry.npmjs.org',
131 silly fetchPackageMetaData   host: 'registry.npmjs.org',
131 silly fetchPackageMetaData   port: 443 }
132 silly fetchPackageMetaData Error: getaddrinfo ENOTFOUND registry.npmjs.org registry.npmjs.org:443
132 silly fetchPackageMetaData     at errnoException (dns.js:50:10)
132 silly fetchPackageMetaData     at GetAddrInfoReqWrap.onlookup [as oncomplete] (dns.js:92:26)
132 silly fetchPackageMetaData  error for ng6-toastr-notifications@^1.0.4 { Error: getaddrinfo ENOTFOUND registry.npmjs.org registry.npmjs.org:443
132 silly fetchPackageMetaData     at errnoException (dns.js:50:10)
132 silly fetchPackageMetaData     at GetAddrInfoReqWrap.onlookup [as oncomplete] (dns.js:92:26)
132 silly fetchPackageMetaData   code: 'ENOTFOUND',
132 silly fetchPackageMetaData   errno: 'ENOTFOUND',
132 silly fetchPackageMetaData   syscall: 'getaddrinfo',
132 silly fetchPackageMetaData   hostname: 'registry.npmjs.org',
132 silly fetchPackageMetaData   host: 'registry.npmjs.org',
132 silly fetchPackageMetaData   port: 443 }
133 info attempt registry request try #3 at 10:09:18 AM
134 verbose etag W/"bffbe1b4fab9bdfdb0afe633e667d3b5"
135 verbose lastModified Thu, 07 Jun 2018 07:26:36 GMT
136 http request GET https://registry.npmjs.org/core-js
137 silly fetchPackageMetaData Error: getaddrinfo ENOTFOUND registry.npmjs.org registry.npmjs.org:443
137 silly fetchPackageMetaData     at errnoException (dns.js:50:10)
137 silly fetchPackageMetaData     at GetAddrInfoReqWrap.onlookup [as oncomplete] (dns.js:92:26)
137 silly fetchPackageMetaData  error for npm@^6.7.0 { Error: getaddrinfo ENOTFOUND registry.npmjs.org registry.npmjs.org:443
137 silly fetchPackageMetaData     at errnoException (dns.js:50:10)
137 silly fetchPackageMetaData     at GetAddrInfoReqWrap.onlookup [as oncomplete] (dns.js:92:26)
137 silly fetchPackageMetaData   code: 'ENOTFOUND',
137 silly fetchPackageMetaData   errno: 'ENOTFOUND',
137 silly fetchPackageMetaData   syscall: 'getaddrinfo',
137 silly fetchPackageMetaData   hostname: 'registry.npmjs.org',
137 silly fetchPackageMetaData   host: 'registry.npmjs.org',
137 silly fetchPackageMetaData   port: 443 }
138 silly get cb [ 304, undefined ]
139 verbose etag https://registry.npmjs.org/core-js from cache
140 verbose get saving core-js to /home/pavitra/.npm/registry.npmjs.org/core-js/.cache.json
141 silly fetchPackageMetaData Error: No compatible version found: core-js@^2.6.4
141 silly fetchPackageMetaData Valid install targets:
141 silly fetchPackageMetaData 3.0.0-beta.3, 3.0.0-beta.2, 3.0.0-beta.1, 3.0.0-alpha.4, 3.0.0-alpha.3, 3.0.0-alpha.2, 3.0.0-alpha.1, 2.5.7, 2.5.6, 2.5.5, 2.5.4, 2.5.3, 2.5.2, 2.5.1, 2.5.0, 2.4.1, 2.4.0, 2.3.0, 2.2.2, 2.2.1, 2.2.0, 2.1.5, 2.1.4, 2.1.3, 2.1.2, 2.1.1, 2.1.0, 2.0.3, 2.0.2, 2.0.1, 2.0.0, 2.0.0-beta.2, 2.0.0-beta, 2.0.0-alpha, 1.2.7, 1.2.6, 1.2.5, 1.2.4, 1.2.3, 1.2.2, 1.2.1, 1.2.0, 1.1.4, 1.1.3, 1.1.2, 1.1.1, 1.1.0, 1.0.1, 1.0.0, 0.9.18, 0.9.17, 0.9.16, 0.9.15, 0.9.14, 0.9.13, 0.9.12, 0.9.11, 0.9.10, 0.9.9, 0.9.8, 0.9.7, 0.9.6, 0.9.5, 0.9.4, 0.9.3, 0.9.2, 0.9.1, 0.9.0, 0.8.4, 0.8.3, 0.8.2, 0.8.1, 0.8.0, 0.7.2, 0.7.1, 0.7.0, 0.6.1, 0.6.0, 0.5.4, 0.5.3, 0.5.2, 0.5.1, 0.5.0, 0.4.10, 0.4.9, 0.4.8, 0.4.7, 0.4.6, 0.4.5, 0.4.4, 0.4.3, 0.4.2, 0.4.1, 0.4.0, 0.3.3, 0.3.2, 0.3.1, 0.3.0, 0.2.5, 0.2.4, 0.2.3, 0.2.2, 0.2.1, 0.2.0, 0.1.5, 0.1.4, 0.1.3, 0.1.2, 0.1.1, 0.0.9, 0.0.8, 0.0.7, 0.0.5, 0.0.4, 0.0.3
141 silly fetchPackageMetaData
141 silly fetchPackageMetaData     at pickVersionFromRegistryDocument (/usr/share/npm/lib/fetch-package-metadata.js:156:16)
141 silly fetchPackageMetaData     at /usr/share/npm/node_modules/iferr/index.js:13:50
141 silly fetchPackageMetaData     at /usr/share/npm/lib/utils/pulse-till-done.js:19:8
141 silly fetchPackageMetaData     at saved (/usr/share/npm/lib/cache/caching-client.js:168:7)
141 silly fetchPackageMetaData     at /usr/share/npm/node_modules/graceful-fs/polyfills.js:210:7
141 silly fetchPackageMetaData     at FSReqWrap.oncomplete (fs.js:135:15)
141 silly fetchPackageMetaData  error for core-js@^2.6.4 Error: No compatible version found: core-js@^2.6.4
141 silly fetchPackageMetaData Valid install targets:
141 silly fetchPackageMetaData 3.0.0-beta.3, 3.0.0-beta.2, 3.0.0-beta.1, 3.0.0-alpha.4, 3.0.0-alpha.3, 3.0.0-alpha.2, 3.0.0-alpha.1, 2.5.7, 2.5.6, 2.5.5, 2.5.4, 2.5.3, 2.5.2, 2.5.1, 2.5.0, 2.4.1, 2.4.0, 2.3.0, 2.2.2, 2.2.1, 2.2.0, 2.1.5, 2.1.4, 2.1.3, 2.1.2, 2.1.1, 2.1.0, 2.0.3, 2.0.2, 2.0.1, 2.0.0, 2.0.0-beta.2, 2.0.0-beta, 2.0.0-alpha, 1.2.7, 1.2.6, 1.2.5, 1.2.4, 1.2.3, 1.2.2, 1.2.1, 1.2.0, 1.1.4, 1.1.3, 1.1.2, 1.1.1, 1.1.0, 1.0.1, 1.0.0, 0.9.18, 0.9.17, 0.9.16, 0.9.15, 0.9.14, 0.9.13, 0.9.12, 0.9.11, 0.9.10, 0.9.9, 0.9.8, 0.9.7, 0.9.6, 0.9.5, 0.9.4, 0.9.3, 0.9.2, 0.9.1, 0.9.0, 0.8.4, 0.8.3, 0.8.2, 0.8.1, 0.8.0, 0.7.2, 0.7.1, 0.7.0, 0.6.1, 0.6.0, 0.5.4, 0.5.3, 0.5.2, 0.5.1, 0.5.0, 0.4.10, 0.4.9, 0.4.8, 0.4.7, 0.4.6, 0.4.5, 0.4.4, 0.4.3, 0.4.2, 0.4.1, 0.4.0, 0.3.3, 0.3.2, 0.3.1, 0.3.0, 0.2.5, 0.2.4, 0.2.3, 0.2.2, 0.2.1, 0.2.0, 0.1.5, 0.1.4, 0.1.3, 0.1.2, 0.1.1, 0.0.9, 0.0.8, 0.0.7, 0.0.5, 0.0.4, 0.0.3
141 silly fetchPackageMetaData
141 silly fetchPackageMetaData     at pickVersionFromRegistryDocument (/usr/share/npm/lib/fetch-package-metadata.js:156:16)
141 silly fetchPackageMetaData     at /usr/share/npm/node_modules/iferr/index.js:13:50
141 silly fetchPackageMetaData     at /usr/share/npm/lib/utils/pulse-till-done.js:19:8
141 silly fetchPackageMetaData     at saved (/usr/share/npm/lib/cache/caching-client.js:168:7)
141 silly fetchPackageMetaData     at /usr/share/npm/node_modules/graceful-fs/polyfills.js:210:7
141 silly fetchPackageMetaData     at FSReqWrap.oncomplete (fs.js:135:15)
142 info attempt registry request try #3 at 10:09:18 AM
143 verbose etag W/"5fba2d0c5837b5044d1353d959ec21f8"
144 verbose lastModified Fri, 17 Aug 2018 16:28:59 GMT
145 http request GET https://registry.npmjs.org/ajv
146 silly get cb [ 304, undefined ]
147 verbose etag https://registry.npmjs.org/ajv from cache
148 verbose get saving ajv to /home/pavitra/.npm/registry.npmjs.org/ajv/.cache.json
149 silly fetchPackageMetaData Error: No compatible version found: ajv@^6.9.1
149 silly fetchPackageMetaData Valid install targets:
149 silly fetchPackageMetaData 6.5.3, 6.5.2, 6.5.1, 6.5.0, 6.4.0, 6.3.0, 6.2.1, 6.2.0, 6.1.1, 6.1.0, 6.0.1, 6.0.0, 6.0.0-rc.1, 6.0.0-rc.0, 6.0.0-beta.2, 6.0.0-beta.1, 6.0.0-beta.0, 5.5.2, 5.5.1, 5.5.0, 5.4.0, 5.3.0, 5.2.5, 5.2.4, 5.2.3, 5.2.2, 5.2.1, 5.2.0, 5.1.6, 5.1.5, 5.1.4, 5.1.3, 5.1.2, 5.1.1, 5.1.0, 5.0.4-beta.3, 5.0.4-beta.2, 5.0.4-beta.1, 5.0.4-beta.0, 5.0.3-beta.0, 5.0.2-beta.0, 5.0.1, 5.0.1-beta.3, 5.0.1-beta.2, 5.0.1-beta.1, 5.0.1-beta.0, 5.0.0, 5.0.0-beta.1, 5.0.0-beta.0, 4.11.8, 4.11.7, 4.11.6, 4.11.5, 4.11.4, 4.11.3, 4.11.2, 4.11.1, 4.11.0, 4.10.4, 4.10.3, 4.10.2, 4.10.1, 4.10.0, 4.9.3, 4.9.2, 4.9.1, 4.9.0, 4.8.2, 4.8.1, 4.8.0, 4.7.7, 4.7.6, 4.7.5, 4.7.4, 4.7.3, 4.7.2, 4.7.1, 4.7.0, 4.6.1, 4.6.0, 4.5.0, 4.4.1, 4.4.0, 4.3.1, 4.3.0, 4.2.0, 4.1.8, 4.1.7, 4.1.6, 4.1.5, 4.1.4, 4.1.3, 4.1.2, 4.1.1, 4.1.0, 4.0.6, 4.0.5, 4.0.4, 4.0.3, 4.0.2, 4.0.1, 4.0.0, 3.8.10, 3.8.9, 3.8.8, 3.8.7, 3.8.6, 3.8.5, 3.8.4, 3.8.3, 3.8.2, 3.8.1, 3.8.0, 3.7.2, 3.7.1, 3.7.0, 3.6.2, 3.6.1, 3.6.0, 3.5.3, 3.5.2, 3.5.1, 3.5.0, 3.4.0, 3.3.1, 3.3.0, 3.2.3, 3.2.2, 3.2.1, 3.2.0, 3.1.1, 3.1.0, 3.0.4, 3.0.3, 3.0.2, 3.0.1, 3.0.0, 2.5.0, 2.4.0, 2.3.0, 2.2.2, 2.2.1, 2.2.0, 2.1.4, 2.1.3, 2.1.2, 2.1.0, 2.0.4, 2.0.3, 2.0.2, 2.0.1, 2.0.0, 2.0.0-beta.3, 2.0.0-beta.2, 2.0.0-beta.1, 2.0.0-beta.0, 1.4.10, 1.4.9, 1.4.8, 1.4.7, 1.4.6, 1.4.5, 1.4.4, 1.4.3, 1.4.2, 1.4.1, 1.4.0, 1.3.2, 1.3.1, 1.3.0, 1.2.1, 1.2.0, 1.1.1, 1.0.1, 1.0.0, 0.7.2, 0.7.1, 0.7.0, 0.6.15, 0.6.14, 0.6.13, 0.6.12, 0.6.11, 0.6.10, 0.6.9, 0.6.8, 0.6.7, 0.6.6, 0.6.5, 0.6.4, 0.6.3, 0.6.2, 0.6.1, 0.6.0, 0.5.12, 0.5.11, 0.5.10, 0.5.9, 0.5.8, 0.5.7, 0.5.6, 0.5.5, 0.5.4, 0.5.3, 0.5.2, 0.5.0, 0.4.15, 0.4.14, 0.4.12, 0.4.10, 0.4.9, 0.4.8, 0.4.7, 0.4.6, 0.4.5, 0.4.4, 0.4.3, 0.4.2, 0.4.1, 0.4.0, 0.3.12, 0.3.11, 0.3.8, 0.3.7, 0.3.6, 0.3.5, 0.3.4, 0.3.3, 0.3.2, 0.3.1, 0.3.0, 0.2.9, 0.2.8, 0.2.7, 0.2.6, 0.2.5, 0.2.4, 0.2.3, 0.2.2, 0.2.1, 0.2.0, 0.1.16, 0.1.15, 0.1.14, 0.1.13, 0.1.12, 0.1.11, 0.1.10, 0.1.9, 0.1.8, 0.1.7, 0.1.6, 0.1.5, 0.1.4, 0.1.3, 0.1.2, 0.1.1, 0.1.0, 0.0.12, 0.0.11, 0.0.10, 0.0.9, 0.0.8, 0.0.7, 0.0.6, 0.0.5, 0.0.4
149 silly fetchPackageMetaData
149 silly fetchPackageMetaData     at pickVersionFromRegistryDocument (/usr/share/npm/lib/fetch-package-metadata.js:156:16)
149 silly fetchPackageMetaData     at /usr/share/npm/node_modules/iferr/index.js:13:50
149 silly fetchPackageMetaData     at /usr/share/npm/lib/utils/pulse-till-done.js:19:8
149 silly fetchPackageMetaData     at saved (/usr/share/npm/lib/cache/caching-client.js:168:7)
149 silly fetchPackageMetaData     at /usr/share/npm/node_modules/graceful-fs/polyfills.js:210:7
149 silly fetchPackageMetaData     at FSReqWrap.oncomplete (fs.js:135:15)
149 silly fetchPackageMetaData  error for ajv@^6.9.1 Error: No compatible version found: ajv@^6.9.1
149 silly fetchPackageMetaData Valid install targets:
149 silly fetchPackageMetaData 6.5.3, 6.5.2, 6.5.1, 6.5.0, 6.4.0, 6.3.0, 6.2.1, 6.2.0, 6.1.1, 6.1.0, 6.0.1, 6.0.0, 6.0.0-rc.1, 6.0.0-rc.0, 6.0.0-beta.2, 6.0.0-beta.1, 6.0.0-beta.0, 5.5.2, 5.5.1, 5.5.0, 5.4.0, 5.3.0, 5.2.5, 5.2.4, 5.2.3, 5.2.2, 5.2.1, 5.2.0, 5.1.6, 5.1.5, 5.1.4, 5.1.3, 5.1.2, 5.1.1, 5.1.0, 5.0.4-beta.3, 5.0.4-beta.2, 5.0.4-beta.1, 5.0.4-beta.0, 5.0.3-beta.0, 5.0.2-beta.0, 5.0.1, 5.0.1-beta.3, 5.0.1-beta.2, 5.0.1-beta.1, 5.0.1-beta.0, 5.0.0, 5.0.0-beta.1, 5.0.0-beta.0, 4.11.8, 4.11.7, 4.11.6, 4.11.5, 4.11.4, 4.11.3, 4.11.2, 4.11.1, 4.11.0, 4.10.4, 4.10.3, 4.10.2, 4.10.1, 4.10.0, 4.9.3, 4.9.2, 4.9.1, 4.9.0, 4.8.2, 4.8.1, 4.8.0, 4.7.7, 4.7.6, 4.7.5, 4.7.4, 4.7.3, 4.7.2, 4.7.1, 4.7.0, 4.6.1, 4.6.0, 4.5.0, 4.4.1, 4.4.0, 4.3.1, 4.3.0, 4.2.0, 4.1.8, 4.1.7, 4.1.6, 4.1.5, 4.1.4, 4.1.3, 4.1.2, 4.1.1, 4.1.0, 4.0.6, 4.0.5, 4.0.4, 4.0.3, 4.0.2, 4.0.1, 4.0.0, 3.8.10, 3.8.9, 3.8.8, 3.8.7, 3.8.6, 3.8.5, 3.8.4, 3.8.3, 3.8.2, 3.8.1, 3.8.0, 3.7.2, 3.7.1, 3.7.0, 3.6.2, 3.6.1, 3.6.0, 3.5.3, 3.5.2, 3.5.1, 3.5.0, 3.4.0, 3.3.1, 3.3.0, 3.2.3, 3.2.2, 3.2.1, 3.2.0, 3.1.1, 3.1.0, 3.0.4, 3.0.3, 3.0.2, 3.0.1, 3.0.0, 2.5.0, 2.4.0, 2.3.0, 2.2.2, 2.2.1, 2.2.0, 2.1.4, 2.1.3, 2.1.2, 2.1.0, 2.0.4, 2.0.3, 2.0.2, 2.0.1, 2.0.0, 2.0.0-beta.3, 2.0.0-beta.2, 2.0.0-beta.1, 2.0.0-beta.0, 1.4.10, 1.4.9, 1.4.8, 1.4.7, 1.4.6, 1.4.5, 1.4.4, 1.4.3, 1.4.2, 1.4.1, 1.4.0, 1.3.2, 1.3.1, 1.3.0, 1.2.1, 1.2.0, 1.1.1, 1.0.1, 1.0.0, 0.7.2, 0.7.1, 0.7.0, 0.6.15, 0.6.14, 0.6.13, 0.6.12, 0.6.11, 0.6.10, 0.6.9, 0.6.8, 0.6.7, 0.6.6, 0.6.5, 0.6.4, 0.6.3, 0.6.2, 0.6.1, 0.6.0, 0.5.12, 0.5.11, 0.5.10, 0.5.9, 0.5.8, 0.5.7, 0.5.6, 0.5.5, 0.5.4, 0.5.3, 0.5.2, 0.5.0, 0.4.15, 0.4.14, 0.4.12, 0.4.10, 0.4.9, 0.4.8, 0.4.7, 0.4.6, 0.4.5, 0.4.4, 0.4.3, 0.4.2, 0.4.1, 0.4.0, 0.3.12, 0.3.11, 0.3.8, 0.3.7, 0.3.6, 0.3.5, 0.3.4, 0.3.3, 0.3.2, 0.3.1, 0.3.0, 0.2.9, 0.2.8, 0.2.7, 0.2.6, 0.2.5, 0.2.4, 0.2.3, 0.2.2, 0.2.1, 0.2.0, 0.1.16, 0.1.15, 0.1.14, 0.1.13, 0.1.12, 0.1.11, 0.1.10, 0.1.9, 0.1.8, 0.1.7, 0.1.6, 0.1.5, 0.1.4, 0.1.3, 0.1.2, 0.1.1, 0.1.0, 0.0.12, 0.0.11, 0.0.10, 0.0.9, 0.0.8, 0.0.7, 0.0.6, 0.0.5, 0.0.4
149 silly fetchPackageMetaData
149 silly fetchPackageMetaData     at pickVersionFromRegistryDocument (/usr/share/npm/lib/fetch-package-metadata.js:156:16)
149 silly fetchPackageMetaData     at /usr/share/npm/node_modules/iferr/index.js:13:50
149 silly fetchPackageMetaData     at /usr/share/npm/lib/utils/pulse-till-done.js:19:8
149 silly fetchPackageMetaData     at saved (/usr/share/npm/lib/cache/caching-client.js:168:7)
149 silly fetchPackageMetaData     at /usr/share/npm/node_modules/graceful-fs/polyfills.js:210:7
149 silly fetchPackageMetaData     at FSReqWrap.oncomplete (fs.js:135:15)
150 silly rollbackFailedOptional Starting
151 silly rollbackFailedOptional Finishing
152 silly runTopLevelLifecycles Starting
153 silly runTopLevelLifecycles Finishing
154 silly install printInstalled
155 verbose stack Error: getaddrinfo ENOTFOUND registry.npmjs.org registry.npmjs.org:443
155 verbose stack     at errnoException (dns.js:50:10)
155 verbose stack     at GetAddrInfoReqWrap.onlookup [as oncomplete] (dns.js:92:26)
156 verbose cwd /home/pavitra/Desktop/dis
157 error Linux 4.15.0-70-generic
158 error argv "/usr/bin/node" "/usr/bin/npm" "i"
159 error node v8.10.0
160 error npm  v3.5.2
161 error code ENOTFOUND
162 error errno ENOTFOUND
163 error syscall getaddrinfo
164 error network getaddrinfo ENOTFOUND registry.npmjs.org registry.npmjs.org:443
165 error network This is most likely not a problem with npm itself
165 error network and is related to network connectivity.
165 error network In most cases you are behind a proxy or have bad network settings.
165 error network
165 error network If you are behind a proxy, please make sure that the
165 error network 'proxy' config is set properly.  See: 'npm help config'
166 verbose exit [ 1, true ]
